# JRE version: Java(TM) SE Runtime Environment (8.0_51-b16) (build 1.8.0_51-b16)
# Java VM: Java HotSpot(TM) Server VM (25.51-b03 mixed mode linux-x86 )
Heap:
 PSYoungGen      total 36352K, used 4085K [0x92cc0000, 0x954c0000, 0xa8200000)
  eden space 32256K, 0% used [0x92cc0000,0x92cc0000,0x94c40000)
  from space 4096K, 99% used [0x94c40000,0x9503d7c0,0x95040000)
  to   space 3584K, 0% used [0x95040000,0x95040000,0x953c0000)
 ParOldGen       total 22016K, used 11948K [0x68200000, 0x69780000, 0x92cc0000)
  object space 22016K, 54% used [0x68200000,0x68dab078,0x69780000)
 Metaspace       used 3854K, capacity 3870K, committed 3992K, reserved 4400K
GC Heap History (10 events):
Event: 4.172 GC heap after
Heap after GC invocations=2 (full 0):
 PSYoungGen      total 9472K, used 1271K [0x92cc0000, 0x93f40000, 0xa8200000)
  eden space 8192K, 0% used [0x92cc0000,0x92cc0000,0x934c0000)
  from space 1280K, 99% used [0x93600000,0x9373df08,0x93740000)
  to   space 1280K, 0% used [0x934c0000,0x934c0000,0x93600000)
 ParOldGen       total 22016K, used 2637K [0x68200000, 0x69780000, 0x92cc0000)
  object space 22016K, 11% used [0x68200000,0x68493610,0x69780000)
 Metaspace       used 3523K, capacity 3646K, committed 3736K, reserved 4400K
}
Event: 5.097 GC heap before
{Heap before GC invocations=3 (full 0):
 PSYoungGen      total 9472K, used 9463K [0x92cc0000, 0x93f40000, 0xa8200000)
  eden space 8192K, 100% used [0x92cc0000,0x934c0000,0x934c0000)
  from space 1280K, 99% used [0x93600000,0x9373df08,0x93740000)
  to   space 1280K, 0% used [0x934c0000,0x934c0000,0x93600000)
 ParOldGen       total 22016K, used 2637K [0x68200000, 0x69780000, 0x92cc0000)
  object space 22016K, 11% used [0x68200000,0x68493610,0x69780000)
 Metaspace       used 3628K, capacity 3742K, committed 3864K, reserved 4400K
Event: 5.125 GC heap after
Heap after GC invocations=3 (full 0):
 PSYoungGen      total 9472K, used 1271K [0x92cc0000, 0x93f40000, 0xa8200000)
  eden space 8192K, 0% used [0x92cc0000,0x92cc0000,0x934c0000)
  from space 1280K, 99% used [0x934c0000,0x935fdf08,0x93600000)
  to   space 1280K, 0% used [0x93e00000,0x93e00000,0x93f40000)
 ParOldGen       total 22016K, used 3785K [0x68200000, 0x69780000, 0x92cc0000)
  object space 22016K, 17% used [0x68200000,0x685b26c0,0x69780000)
 Metaspace       used 3628K, capacity 3742K, committed 3864K, reserved 4400K
}
Event: 5.966 GC heap before
{Heap before GC invocations=4 (full 0):
 PSYoungGen      total 9472K, used 9463K [0x92cc0000, 0x93f40000, 0xa8200000)
  eden space 8192K, 100% used [0x92cc0000,0x934c0000,0x934c0000)
  from space 1280K, 99% used [0x934c0000,0x935fdf08,0x93600000)
  to   space 1280K, 0% used [0x93e00000,0x93e00000,0x93f40000)
 ParOldGen       total 22016K, used 3785K [0x68200000, 0x69780000, 0x92cc0000)
  object space 22016K, 17% used [0x68200000,0x685b26c0,0x69780000)
 Metaspace       used 3682K, capacity 3774K, committed 3864K, reserved 4400K
Event: 6.002 GC heap after
Heap after GC invocations=4 (full 0):
 PSYoungGen      total 17664K, used 1266K [0x92cc0000, 0x93f40000, 0xa8200000)
  eden space 16384K, 0% used [0x92cc0000,0x92cc0000,0x93cc0000)
  from space 1280K, 98% used [0x93e00000,0x93f3cbb8,0x93f40000)
  to   space 1280K, 0% used [0x93cc0000,0x93cc0000,0x93e00000)
 ParOldGen       total 22016K, used 5227K [0x68200000, 0x69780000, 0x92cc0000)
  object space 22016K, 23% used [0x68200000,0x6871ade0,0x69780000)
 Metaspace       used 3682K, capacity 3774K, committed 3864K, reserved 4400K
}
Event: 7.684 GC heap before
{Heap before GC invocations=5 (full 0):
 PSYoungGen      total 17664K, used 17650K [0x92cc0000, 0x93f40000, 0xa8200000)
  eden space 16384K, 100% used [0x92cc0000,0x93cc0000,0x93cc0000)
  from space 1280K, 98% used [0x93e00000,0x93f3cbb8,0x93f40000)
  to   space 1280K, 0% used [0x93cc0000,0x93cc0000,0x93e00000)
 ParOldGen       total 22016K, used 5227K [0x68200000, 0x69780000, 0x92cc0000)
  object space 22016K, 23% used [0x68200000,0x6871ade0,0x69780000)
 Metaspace       used 3790K, capacity 3838K, committed 3864K, reserved 4400K
Event: 7.768 GC heap after
Heap after GC invocations=5 (full 0):
 PSYoungGen      total 17664K, used 1276K [0x92cc0000, 0x953c0000, 0xa8200000)
  eden space 16384K, 0% used [0x92cc0000,0x92cc0000,0x93cc0000)
  from space 1280K, 99% used [0x93cc0000,0x93dff1f8,0x93e00000)
  to   space 3584K, 0% used [0x95040000,0x95040000,0x953c0000)
 ParOldGen       total 22016K, used 7404K [0x68200000, 0x69780000, 0x92cc0000)
  object space 22016K, 33% used [0x68200000,0x6893b100,0x69780000)
 Metaspace       used 3790K, capacity 3838K, committed 3864K, reserved 4400K
}
Event: 9.170 GC heap before
{Heap before GC invocations=6 (full 0):
 PSYoungGen      total 17664K, used 17660K [0x92cc0000, 0x953c0000, 0xa8200000)
  eden space 16384K, 100% used [0x92cc0000,0x93cc0000,0x93cc0000)
  from space 1280K, 99% used [0x93cc0000,0x93dff1f8,0x93e00000)
  to   space 3584K, 0% used [0x95040000,0x95040000,0x953c0000)
 ParOldGen       total 22016K, used 7404K [0x68200000, 0x69780000, 0x92cc0000)
  object space 22016K, 33% used [0x68200000,0x6893b100,0x69780000)
 Metaspace       used 3828K, capacity 3870K, committed 3992K, reserved 4400K
Event: 9.238 GC heap after
Heap after GC invocations=6 (full 0):
 PSYoungGen      total 35840K, used 3575K [0x92cc0000, 0x954c0000, 0xa8200000)
  eden space 32256K, 0% used [0x92cc0000,0x92cc0000,0x94c40000)
  from space 3584K, 99% used [0x95040000,0x953bdff0,0x953c0000)
  to   space 4096K, 0% used [0x94c40000,0x94c40000,0x95040000)
 ParOldGen       total 22016K, used 7583K [0x68200000, 0x69780000, 0x92cc0000)
  object space 22016K, 34% used [0x68200000,0x68967da8,0x69780000)
 Metaspace       used 3828K, capacity 3870K, committed 3992K, reserved 4400K
}
Event: 10.924 GC heap before
{Heap before GC invocations=7 (full 0):
 PSYoungGen      total 35840K, used 35831K [0x92cc0000, 0x954c0000, 0xa8200000)
  eden space 32256K, 100% used [0x92cc0000,0x94c40000,0x94c40000)
  from space 3584K, 99% used [0x95040000,0x953bdff0,0x953c0000)
  to   space 4096K, 0% used [0x94c40000,0x94c40000,0x95040000)
 ParOldGen       total 22016K, used 7583K [0x68200000, 0x69780000, 0x92cc0000)
  object space 22016K, 34% used [0x68200000,0x68967da8,0x69780000)
 Metaspace       used 3854K, capacity 3870K, committed 3992K, reserved 4400K

