# JRE version: Java(TM) SE Runtime Environment (8.0_51-b16) (build 1.8.0_51-b16)
# Java VM: Java HotSpot(TM) Server VM (25.51-b03 mixed mode linux-x86 )
Heap:
 PSYoungGen      total 71168K, used 8700K [0x92cc0000, 0x97cc0000, 0xa8200000)
  eden space 62464K, 0% used [0x92cc0000,0x92cc0000,0x969c0000)
  from space 8704K, 99% used [0x969c0000,0x9723f200,0x97240000)
  to   space 6656K, 0% used [0x97240000,0x97240000,0x978c0000)
 ParOldGen       total 22016K, used 20790K [0x68200000, 0x69780000, 0x92cc0000)
  object space 22016K, 94% used [0x68200000,0x6964d938,0x69780000)
 Metaspace       used 3869K, capacity 3902K, committed 3992K, reserved 4400K
GC Heap History (10 events):
Event: 2.867 GC heap after
Heap after GC invocations=4 (full 0):
 PSYoungGen      total 17664K, used 1270K [0x92cc0000, 0x93f40000, 0xa8200000)
  eden space 16384K, 0% used [0x92cc0000,0x92cc0000,0x93cc0000)
  from space 1280K, 99% used [0x93e00000,0x93f3da08,0x93f40000)
  to   space 1280K, 0% used [0x93cc0000,0x93cc0000,0x93e00000)
 ParOldGen       total 22016K, used 5213K [0x68200000, 0x69780000, 0x92cc0000)
  object space 22016K, 23% used [0x68200000,0x68717490,0x69780000)
 Metaspace       used 3669K, capacity 3774K, committed 3864K, reserved 4400K
}
Event: 3.704 GC heap before
{Heap before GC invocations=5 (full 0):
 PSYoungGen      total 17664K, used 17654K [0x92cc0000, 0x93f40000, 0xa8200000)
  eden space 16384K, 100% used [0x92cc0000,0x93cc0000,0x93cc0000)
  from space 1280K, 99% used [0x93e00000,0x93f3da08,0x93f40000)
  to   space 1280K, 0% used [0x93cc0000,0x93cc0000,0x93e00000)
 ParOldGen       total 22016K, used 5213K [0x68200000, 0x69780000, 0x92cc0000)
  object space 22016K, 23% used [0x68200000,0x68717490,0x69780000)
 Metaspace       used 3797K, capacity 3838K, committed 3864K, reserved 4400K
Event: 3.736 GC heap after
Heap after GC invocations=5 (full 0):
 PSYoungGen      total 17664K, used 1267K [0x92cc0000, 0x953c0000, 0xa8200000)
  eden space 16384K, 0% used [0x92cc0000,0x92cc0000,0x93cc0000)
  from space 1280K, 99% used [0x93cc0000,0x93dfcdd0,0x93e00000)
  to   space 3584K, 0% used [0x95040000,0x95040000,0x953c0000)
 ParOldGen       total 22016K, used 7428K [0x68200000, 0x69780000, 0x92cc0000)
  object space 22016K, 33% used [0x68200000,0x689411a0,0x69780000)
 Metaspace       used 3797K, capacity 3838K, committed 3864K, reserved 4400K
}
Event: 4.269 GC heap before
{Heap before GC invocations=6 (full 0):
 PSYoungGen      total 17664K, used 17651K [0x92cc0000, 0x953c0000, 0xa8200000)
  eden space 16384K, 100% used [0x92cc0000,0x93cc0000,0x93cc0000)
  from space 1280K, 99% used [0x93cc0000,0x93dfcdd0,0x93e00000)
  to   space 3584K, 0% used [0x95040000,0x95040000,0x953c0000)
 ParOldGen       total 22016K, used 7428K [0x68200000, 0x69780000, 0x92cc0000)
  object space 22016K, 33% used [0x68200000,0x689411a0,0x69780000)
 Metaspace       used 3834K, capacity 3870K, committed 3992K, reserved 4400K
Event: 4.293 GC heap after
Heap after GC invocations=6 (full 0):
 PSYoungGen      total 35840K, used 3575K [0x92cc0000, 0x954c0000, 0xa8200000)
  eden space 32256K, 0% used [0x92cc0000,0x92cc0000,0x94c40000)
  from space 3584K, 99% used [0x95040000,0x953bdcf0,0x953c0000)
  to   space 4096K, 0% used [0x94c40000,0x94c40000,0x95040000)
 ParOldGen       total 22016K, used 7640K [0x68200000, 0x69780000, 0x92cc0000)
  object space 22016K, 34% used [0x68200000,0x689760e8,0x69780000)
 Metaspace       used 3834K, capacity 3870K, committed 3992K, reserved 4400K
}
Event: 5.029 GC heap before
{Heap before GC invocations=7 (full 0):
 PSYoungGen      total 35840K, used 35831K [0x92cc0000, 0x954c0000, 0xa8200000)
  eden space 32256K, 100% used [0x92cc0000,0x94c40000,0x94c40000)
  from space 3584K, 99% used [0x95040000,0x953bdcf0,0x953c0000)
  to   space 4096K, 0% used [0x94c40000,0x94c40000,0x95040000)
 ParOldGen       total 22016K, used 7640K [0x68200000, 0x69780000, 0x92cc0000)
  object space 22016K, 34% used [0x68200000,0x689760e8,0x69780000)
 Metaspace       used 3855K, capacity 3870K, committed 3992K, reserved 4400K
Event: 5.093 GC heap after
Heap after GC invocations=7 (full 0):
 PSYoungGen      total 36352K, used 4089K [0x92cc0000, 0x978c0000, 0xa8200000)
  eden space 32256K, 0% used [0x92cc0000,0x92cc0000,0x94c40000)
  from space 4096K, 99% used [0x94c40000,0x9503e6b8,0x95040000)
  to   space 6656K, 0% used [0x97240000,0x97240000,0x978c0000)
 ParOldGen       total 22016K, used 12083K [0x68200000, 0x69780000, 0x92cc0000)
  object space 22016K, 54% used [0x68200000,0x68dccc98,0x69780000)
 Metaspace       used 3855K, capacity 3870K, committed 3992K, reserved 4400K
}
Event: 5.742 GC heap before
{Heap before GC invocations=8 (full 0):
 PSYoungGen      total 36352K, used 36345K [0x92cc0000, 0x978c0000, 0xa8200000)
  eden space 32256K, 100% used [0x92cc0000,0x94c40000,0x94c40000)
  from space 4096K, 99% used [0x94c40000,0x9503e6b8,0x95040000)
  to   space 6656K, 0% used [0x97240000,0x97240000,0x978c0000)
 ParOldGen       total 22016K, used 12083K [0x68200000, 0x69780000, 0x92cc0000)
  object space 22016K, 54% used [0x68200000,0x68dccc98,0x69780000)
 Metaspace       used 3863K, capacity 3902K, committed 3992K, reserved 4400K
Event: 5.962 GC heap after
Heap after GC invocations=8 (full 0):
 PSYoungGen      total 69120K, used 6642K [0x92cc0000, 0x97cc0000, 0xa8200000)
  eden space 62464K, 0% used [0x92cc0000,0x92cc0000,0x969c0000)
  from space 6656K, 99% used [0x97240000,0x978bcab0,0x978c0000)
  to   space 8704K, 0% used [0x969c0000,0x969c0000,0x97240000)
 ParOldGen       total 22016K, used 14604K [0x68200000, 0x69780000, 0x92cc0000)
  object space 22016K, 66% used [0x68200000,0x69043040,0x69780000)
 Metaspace       used 3863K, capacity 3902K, committed 3992K, reserved 4400K
}
Event: 7.652 GC heap before
{Heap before GC invocations=9 (full 0):
 PSYoungGen      total 69120K, used 69106K [0x92cc0000, 0x97cc0000, 0xa8200000)
  eden space 62464K, 100% used [0x92cc0000,0x969c0000,0x969c0000)
  from space 6656K, 99% used [0x97240000,0x978bcab0,0x978c0000)
  to   space 8704K, 0% used [0x969c0000,0x969c0000,0x97240000)
 ParOldGen       total 22016K, used 14604K [0x68200000, 0x69780000, 0x92cc0000)
  object space 22016K, 66% used [0x68200000,0x69043040,0x69780000)
 Metaspace       used 3869K, capacity 3902K, committed 3992K, reserved 4400K

