# JRE version: Java(TM) SE Runtime Environment (8.0_51-b16) (build 1.8.0_51-b16)
# Java VM: Java HotSpot(TM) Server VM (25.51-b03 mixed mode linux-x86 )
Heap:
 PSYoungGen      total 69632K, used 69623K [0x92cc0000, 0x97e40000, 0xa8200000)
  eden space 62720K, 100% used [0x92cc0000,0x96a00000,0x96a00000)
  from space 6912K, 99% used [0x97300000,0x979bdca8,0x979c0000)
  to   space 9216K, 99% used [0x96a00000,0x972fd808,0x97300000)
 ParOldGen       total 22016K, used 22013K [0x68200000, 0x69780000, 0x92cc0000)
  object space 22016K, 99% used [0x68200000,0x6977f7d0,0x69780000)
 Metaspace       used 3898K, capacity 3934K, committed 3992K, reserved 4400K
GC Heap History (10 events):
Event: 2.707 GC heap after
Heap after GC invocations=4 (full 0):
 PSYoungGen      total 17664K, used 1268K [0x92cc0000, 0x93f40000, 0xa8200000)
  eden space 16384K, 0% used [0x92cc0000,0x92cc0000,0x93cc0000)
  from space 1280K, 99% used [0x93e00000,0x93f3d268,0x93f40000)
  to   space 1280K, 0% used [0x93cc0000,0x93cc0000,0x93e00000)
 ParOldGen       total 22016K, used 5105K [0x68200000, 0x69780000, 0x92cc0000)
  object space 22016K, 23% used [0x68200000,0x686fc5b8,0x69780000)
 Metaspace       used 3699K, capacity 3806K, committed 3864K, reserved 4400K
}
Event: 3.728 GC heap before
{Heap before GC invocations=5 (full 0):
 PSYoungGen      total 17664K, used 17652K [0x92cc0000, 0x93f40000, 0xa8200000)
  eden space 16384K, 100% used [0x92cc0000,0x93cc0000,0x93cc0000)
  from space 1280K, 99% used [0x93e00000,0x93f3d268,0x93f40000)
  to   space 1280K, 0% used [0x93cc0000,0x93cc0000,0x93e00000)
 ParOldGen       total 22016K, used 5105K [0x68200000, 0x69780000, 0x92cc0000)
  object space 22016K, 23% used [0x68200000,0x686fc5b8,0x69780000)
 Metaspace       used 3804K, capacity 3838K, committed 3864K, reserved 4400K
Event: 3.764 GC heap after
Heap after GC invocations=5 (full 0):
 PSYoungGen      total 17664K, used 1275K [0x92cc0000, 0x954c0000, 0xa8200000)
  eden space 16384K, 0% used [0x92cc0000,0x92cc0000,0x93cc0000)
  from space 1280K, 99% used [0x93cc0000,0x93dfec80,0x93e00000)
  to   space 4096K, 0% used [0x950c0000,0x950c0000,0x954c0000)
 ParOldGen       total 22016K, used 7955K [0x68200000, 0x69780000, 0x92cc0000)
  object space 22016K, 36% used [0x68200000,0x689c4d90,0x69780000)
 Metaspace       used 3804K, capacity 3838K, committed 3864K, reserved 4400K
}
Event: 4.208 GC heap before
{Heap before GC invocations=6 (full 0):
 PSYoungGen      total 17664K, used 17659K [0x92cc0000, 0x954c0000, 0xa8200000)
  eden space 16384K, 100% used [0x92cc0000,0x93cc0000,0x93cc0000)
  from space 1280K, 99% used [0x93cc0000,0x93dfec80,0x93e00000)
  to   space 4096K, 0% used [0x950c0000,0x950c0000,0x954c0000)
 ParOldGen       total 22016K, used 7955K [0x68200000, 0x69780000, 0x92cc0000)
  object space 22016K, 36% used [0x68200000,0x689c4d90,0x69780000)
 Metaspace       used 3823K, capacity 3870K, committed 3992K, reserved 4400K
Event: 4.241 GC heap after
Heap after GC invocations=6 (full 0):
 PSYoungGen      total 36608K, used 3685K [0x92cc0000, 0x95540000, 0xa8200000)
  eden space 32512K, 0% used [0x92cc0000,0x92cc0000,0x94c80000)
  from space 4096K, 89% used [0x950c0000,0x95459480,0x954c0000)
  to   space 4352K, 0% used [0x94c80000,0x94c80000,0x950c0000)
 ParOldGen       total 22016K, used 7955K [0x68200000, 0x69780000, 0x92cc0000)
  object space 22016K, 36% used [0x68200000,0x689c4d90,0x69780000)
 Metaspace       used 3823K, capacity 3870K, committed 3992K, reserved 4400K
}
Event: 5.033 GC heap before
{Heap before GC invocations=7 (full 0):
 PSYoungGen      total 36608K, used 36197K [0x92cc0000, 0x95540000, 0xa8200000)
  eden space 32512K, 100% used [0x92cc0000,0x94c80000,0x94c80000)
  from space 4096K, 89% used [0x950c0000,0x95459480,0x954c0000)
  to   space 4352K, 0% used [0x94c80000,0x94c80000,0x950c0000)
 ParOldGen       total 22016K, used 7955K [0x68200000, 0x69780000, 0x92cc0000)
  object space 22016K, 36% used [0x68200000,0x689c4d90,0x69780000)
 Metaspace       used 3851K, capacity 3870K, committed 3992K, reserved 4400K
Event: 5.105 GC heap after
Heap after GC invocations=7 (full 0):
 PSYoungGen      total 36864K, used 4345K [0x92cc0000, 0x979c0000, 0xa8200000)
  eden space 32512K, 0% used [0x92cc0000,0x92cc0000,0x94c80000)
  from space 4352K, 99% used [0x94c80000,0x950be730,0x950c0000)
  to   space 6912K, 0% used [0x97300000,0x97300000,0x979c0000)
 ParOldGen       total 22016K, used 12242K [0x68200000, 0x69780000, 0x92cc0000)
  object space 22016K, 55% used [0x68200000,0x68df4ba0,0x69780000)
 Metaspace       used 3851K, capacity 3870K, committed 3992K, reserved 4400K
}
Event: 5.742 GC heap before
{Heap before GC invocations=8 (full 0):
 PSYoungGen      total 36864K, used 36857K [0x92cc0000, 0x979c0000, 0xa8200000)
  eden space 32512K, 100% used [0x92cc0000,0x94c80000,0x94c80000)
  from space 4352K, 99% used [0x94c80000,0x950be730,0x950c0000)
  to   space 6912K, 0% used [0x97300000,0x97300000,0x979c0000)
 ParOldGen       total 22016K, used 12242K [0x68200000, 0x69780000, 0x92cc0000)
  object space 22016K, 55% used [0x68200000,0x68df4ba0,0x69780000)
 Metaspace       used 3859K, capacity 3870K, committed 3992K, reserved 4400K
Event: 5.818 GC heap after
Heap after GC invocations=8 (full 0):
 PSYoungGen      total 69632K, used 6903K [0x92cc0000, 0x97e40000, 0xa8200000)
  eden space 62720K, 0% used [0x92cc0000,0x92cc0000,0x96a00000)
  from space 6912K, 99% used [0x97300000,0x979bdca8,0x979c0000)
  to   space 9216K, 0% used [0x96a00000,0x96a00000,0x97300000)
 ParOldGen       total 22016K, used 15223K [0x68200000, 0x69780000, 0x92cc0000)
  object space 22016K, 69% used [0x68200000,0x690ddc20,0x69780000)
 Metaspace       used 3859K, capacity 3870K, committed 3992K, reserved 4400K
}
Event: 7.660 GC heap before
{Heap before GC invocations=9 (full 0):
 PSYoungGen      total 69632K, used 69623K [0x92cc0000, 0x97e40000, 0xa8200000)
  eden space 62720K, 100% used [0x92cc0000,0x96a00000,0x96a00000)
  from space 6912K, 99% used [0x97300000,0x979bdca8,0x979c0000)
  to   space 9216K, 0% used [0x96a00000,0x96a00000,0x97300000)
 ParOldGen       total 22016K, used 15223K [0x68200000, 0x69780000, 0x92cc0000)
  object space 22016K, 69% used [0x68200000,0x690ddc20,0x69780000)
 Metaspace       used 3898K, capacity 3934K, committed 3992K, reserved 4400K

