# JRE version: Java(TM) SE Runtime Environment (8.0_51-b16) (build 1.8.0_51-b16)
# Java VM: Java HotSpot(TM) Server VM (25.51-b03 mixed mode linux-x86 )
Heap:
 PSYoungGen      total 36608K, used 4336K [0x92cc0000, 0x95540000, 0xa8200000)
  eden space 32256K, 0% used [0x92cc0000,0x92cc0000,0x94c40000)
  from space 4352K, 99% used [0x94c40000,0x9507c190,0x95080000)
  to   space 3840K, 0% used [0x95080000,0x95080000,0x95440000)
 ParOldGen       total 22016K, used 12086K [0x68200000, 0x69780000, 0x92cc0000)
  object space 22016K, 54% used [0x68200000,0x68dcda80,0x69780000)
 Metaspace       used 3850K, capacity 3870K, committed 3992K, reserved 4400K
GC Heap History (10 events):
Event: 4.421 GC heap after
Heap after GC invocations=2 (full 0):
 PSYoungGen      total 9472K, used 1276K [0x92cc0000, 0x93f40000, 0xa8200000)
  eden space 8192K, 0% used [0x92cc0000,0x92cc0000,0x934c0000)
  from space 1280K, 99% used [0x93600000,0x9373f360,0x93740000)
  to   space 1280K, 0% used [0x934c0000,0x934c0000,0x93600000)
 ParOldGen       total 22016K, used 2883K [0x68200000, 0x69780000, 0x92cc0000)
  object space 22016K, 13% used [0x68200000,0x684d0fd8,0x69780000)
 Metaspace       used 3529K, capacity 3646K, committed 3736K, reserved 4400K
}
Event: 5.113 GC heap before
{Heap before GC invocations=3 (full 0):
 PSYoungGen      total 9472K, used 9468K [0x92cc0000, 0x93f40000, 0xa8200000)
  eden space 8192K, 100% used [0x92cc0000,0x934c0000,0x934c0000)
  from space 1280K, 99% used [0x93600000,0x9373f360,0x93740000)
  to   space 1280K, 0% used [0x934c0000,0x934c0000,0x93600000)
 ParOldGen       total 22016K, used 2883K [0x68200000, 0x69780000, 0x92cc0000)
  object space 22016K, 13% used [0x68200000,0x684d0fd8,0x69780000)
 Metaspace       used 3599K, capacity 3710K, committed 3736K, reserved 4400K
Event: 5.149 GC heap after
Heap after GC invocations=3 (full 0):
 PSYoungGen      total 9472K, used 1268K [0x92cc0000, 0x93f40000, 0xa8200000)
  eden space 8192K, 0% used [0x92cc0000,0x92cc0000,0x934c0000)
  from space 1280K, 99% used [0x934c0000,0x935fd2c8,0x93600000)
  to   space 1280K, 0% used [0x93e00000,0x93e00000,0x93f40000)
 ParOldGen       total 22016K, used 3870K [0x68200000, 0x69780000, 0x92cc0000)
  object space 22016K, 17% used [0x68200000,0x685c7ba8,0x69780000)
 Metaspace       used 3599K, capacity 3710K, committed 3736K, reserved 4400K
}
Event: 6.283 GC heap before
{Heap before GC invocations=4 (full 0):
 PSYoungGen      total 9472K, used 9460K [0x92cc0000, 0x93f40000, 0xa8200000)
  eden space 8192K, 100% used [0x92cc0000,0x934c0000,0x934c0000)
  from space 1280K, 99% used [0x934c0000,0x935fd2c8,0x93600000)
  to   space 1280K, 0% used [0x93e00000,0x93e00000,0x93f40000)
 ParOldGen       total 22016K, used 3870K [0x68200000, 0x69780000, 0x92cc0000)
  object space 22016K, 17% used [0x68200000,0x685c7ba8,0x69780000)
 Metaspace       used 3691K, capacity 3806K, committed 3864K, reserved 4400K
Event: 6.315 GC heap after
Heap after GC invocations=4 (full 0):
 PSYoungGen      total 17664K, used 1276K [0x92cc0000, 0x93f40000, 0xa8200000)
  eden space 16384K, 0% used [0x92cc0000,0x92cc0000,0x93cc0000)
  from space 1280K, 99% used [0x93e00000,0x93f3f2b8,0x93f40000)
  to   space 1280K, 0% used [0x93cc0000,0x93cc0000,0x93e00000)
 ParOldGen       total 22016K, used 5087K [0x68200000, 0x69780000, 0x92cc0000)
  object space 22016K, 23% used [0x68200000,0x686f7e08,0x69780000)
 Metaspace       used 3691K, capacity 3806K, committed 3864K, reserved 4400K
}
Event: 7.660 GC heap before
{Heap before GC invocations=5 (full 0):
 PSYoungGen      total 17664K, used 17660K [0x92cc0000, 0x93f40000, 0xa8200000)
  eden space 16384K, 100% used [0x92cc0000,0x93cc0000,0x93cc0000)
  from space 1280K, 99% used [0x93e00000,0x93f3f2b8,0x93f40000)
  to   space 1280K, 0% used [0x93cc0000,0x93cc0000,0x93e00000)
 ParOldGen       total 22016K, used 5087K [0x68200000, 0x69780000, 0x92cc0000)
  object space 22016K, 23% used [0x68200000,0x686f7e08,0x69780000)
 Metaspace       used 3797K, capacity 3838K, committed 3864K, reserved 4400K
Event: 7.836 GC heap after
Heap after GC invocations=5 (full 0):
 PSYoungGen      total 17664K, used 1275K [0x92cc0000, 0x95440000, 0xa8200000)
  eden space 16384K, 0% used [0x92cc0000,0x92cc0000,0x93cc0000)
  from space 1280K, 99% used [0x93cc0000,0x93dfeca0,0x93e00000)
  to   space 3840K, 0% used [0x95080000,0x95080000,0x95440000)
 ParOldGen       total 22016K, used 7901K [0x68200000, 0x69780000, 0x92cc0000)
  object space 22016K, 35% used [0x68200000,0x689b7470,0x69780000)
 Metaspace       used 3797K, capacity 3838K, committed 3864K, reserved 4400K
}
Event: 8.966 GC heap before
{Heap before GC invocations=6 (full 0):
 PSYoungGen      total 17664K, used 17659K [0x92cc0000, 0x95440000, 0xa8200000)
  eden space 16384K, 100% used [0x92cc0000,0x93cc0000,0x93cc0000)
  from space 1280K, 99% used [0x93cc0000,0x93dfeca0,0x93e00000)
  to   space 3840K, 0% used [0x95080000,0x95080000,0x95440000)
 ParOldGen       total 22016K, used 7901K [0x68200000, 0x69780000, 0x92cc0000)
  object space 22016K, 35% used [0x68200000,0x689b7470,0x69780000)
 Metaspace       used 3818K, capacity 3870K, committed 3992K, reserved 4400K
Event: 9.034 GC heap after
Heap after GC invocations=6 (full 0):
 PSYoungGen      total 36096K, used 3693K [0x92cc0000, 0x95540000, 0xa8200000)
  eden space 32256K, 0% used [0x92cc0000,0x92cc0000,0x94c40000)
  from space 3840K, 96% used [0x95080000,0x9541b4b0,0x95440000)
  to   space 4352K, 0% used [0x94c40000,0x94c40000,0x95080000)
 ParOldGen       total 22016K, used 7905K [0x68200000, 0x69780000, 0x92cc0000)
  object space 22016K, 35% used [0x68200000,0x689b8470,0x69780000)
 Metaspace       used 3818K, capacity 3870K, committed 3992K, reserved 4400K
}
Event: 10.980 GC heap before
{Heap before GC invocations=7 (full 0):
 PSYoungGen      total 36096K, used 35949K [0x92cc0000, 0x95540000, 0xa8200000)
  eden space 32256K, 100% used [0x92cc0000,0x94c40000,0x94c40000)
  from space 3840K, 96% used [0x95080000,0x9541b4b0,0x95440000)
  to   space 4352K, 0% used [0x94c40000,0x94c40000,0x95080000)
 ParOldGen       total 22016K, used 7905K [0x68200000, 0x69780000, 0x92cc0000)
  object space 22016K, 35% used [0x68200000,0x689b8470,0x69780000)
 Metaspace       used 3850K, capacity 3870K, committed 3992K, reserved 4400K

